  [1m[35m (1.9ms)[0m  [1m[34mSELECT sqlite_version(*)[0m
  [1m[35m (13.7ms)[0m  [1m[35mCREATE TABLE "schema_migrations" ("version" varchar NOT NULL PRIMARY KEY)[0m
  [1m[35m (5.6ms)[0m  [1m[35mCREATE TABLE "ar_internal_metadata" ("key" varchar NOT NULL PRIMARY KEY, "value" varchar, "created_at" datetime(6) NOT NULL, "updated_at" datetime(6) NOT NULL)[0m
  [1m[35m (0.2ms)[0m  [1m[34mSELECT "schema_migrations"."version" FROM "schema_migrations" ORDER BY "schema_migrations"."version" ASC[0m
Migrating to CreateStacks (20201006154224)
  [1m[35m (0.1ms)[0m  [1m[36mbegin transaction[0m
  [1m[35m (0.4ms)[0m  [1m[35mCREATE TABLE "stacks" ("id" integer PRIMARY KEY AUTOINCREMENT NOT NULL, "title" varchar, "created_at" datetime(6) NOT NULL, "updated_at" datetime(6) NOT NULL)[0m
  [1m[36mprimary::SchemaMigration Create (0.2ms)[0m  [1m[32mINSERT INTO "schema_migrations" ("version") VALUES (?)[0m  [["version", "20201006154224"]]
  [1m[35m (7.0ms)[0m  [1m[36mcommit transaction[0m
Migrating to CreateCards (20201006154323)
  [1m[35m (0.1ms)[0m  [1m[36mbegin transaction[0m
  [1m[35m (0.3ms)[0m  [1m[35mCREATE TABLE "cards" ("id" integer PRIMARY KEY AUTOINCREMENT NOT NULL, "front" varchar, "back" varchar, "stack_id" integer, "created_at" datetime(6) NOT NULL, "updated_at" datetime(6) NOT NULL)[0m
  [1m[36mprimary::SchemaMigration Create (0.2ms)[0m  [1m[32mINSERT INTO "schema_migrations" ("version") VALUES (?)[0m  [["version", "20201006154323"]]
  [1m[35m (5.6ms)[0m  [1m[36mcommit transaction[0m
  [1m[36mActiveRecord::InternalMetadata Load (0.3ms)[0m  [1m[34mSELECT "ar_internal_metadata".* FROM "ar_internal_metadata" WHERE "ar_internal_metadata"."key" = ? LIMIT ?[0m  [["key", "environment"], ["LIMIT", 1]]
  [1m[35m (0.1ms)[0m  [1m[36mbegin transaction[0m
  [1m[36mActiveRecord::InternalMetadata Create (0.3ms)[0m  [1m[32mINSERT INTO "ar_internal_metadata" ("key", "value", "created_at", "updated_at") VALUES (?, ?, ?, ?)[0m  [["key", "environment"], ["value", "development"], ["created_at", "2020-10-06 15:45:19.610187"], ["updated_at", "2020-10-06 15:45:19.610187"]]
  [1m[35m (4.0ms)[0m  [1m[36mcommit transaction[0m
  [1m[35m (0.2ms)[0m  [1m[34mSELECT sqlite_version(*)[0m
  [1m[35m (0.1ms)[0m  [1m[34mSELECT "schema_migrations"."version" FROM "schema_migrations" ORDER BY "schema_migrations"."version" ASC[0m
  [1m[35m (0.3ms)[0m  [1m[34mSELECT sqlite_version(*)[0m
  [1m[35m (0.1ms)[0m  [1m[36mbegin transaction[0m
  [1m[36mStack Create (0.4ms)[0m  [1m[32mINSERT INTO "stacks" ("title", "created_at", "updated_at") VALUES (?, ?, ?)[0m  [["title", "Learn Hungarian"], ["created_at", "2020-10-06 15:45:42.279774"], ["updated_at", "2020-10-06 15:45:42.279774"]]
  [1m[35m (5.2ms)[0m  [1m[36mcommit transaction[0m
  [1m[36mCard Load (0.2ms)[0m  [1m[34mSELECT "cards".* FROM "cards" WHERE "cards"."stack_id" = ?[0m  [["stack_id", 1]]
  [1m[35m (0.2ms)[0m  [1m[36mbegin transaction[0m
  [1m[36mCard Create (0.7ms)[0m  [1m[32mINSERT INTO "cards" ("front", "back", "stack_id", "created_at", "updated_at") VALUES (?, ?, ?, ?, ?)[0m  [["front", "Hello (informal to one person)"], ["back", "Szia"], ["stack_id", 1], ["created_at", "2020-10-06 15:46:32.452315"], ["updated_at", "2020-10-06 15:46:32.452315"]]
  [1m[35m (5.3ms)[0m  [1m[36mcommit transaction[0m
  [1m[35m (0.6ms)[0m  [1m[34mSELECT COUNT(*) FROM "cards" WHERE "cards"."stack_id" = ?[0m  [["stack_id", 1]]
  [1m[35m (0.3ms)[0m  [1m[34mSELECT COUNT(*) FROM "cards"[0m
Started GET "/" for 127.0.0.1 at 2020-10-06 08:59:51 -0700
  [1m[35m (0.5ms)[0m  [1m[34mSELECT sqlite_version(*)[0m
  [1m[35m (0.6ms)[0m  [1m[34mSELECT "schema_migrations"."version" FROM "schema_migrations" ORDER BY "schema_migrations"."version" ASC[0m
Processing by Rails::WelcomeController#index as HTML
  Rendering /home/sam/.rvm/gems/ruby-2.6.1/gems/railties-6.0.3.3/lib/rails/templates/rails/welcome/index.html.erb
  Rendered /home/sam/.rvm/gems/ruby-2.6.1/gems/railties-6.0.3.3/lib/rails/templates/rails/welcome/index.html.erb (Duration: 12.3ms | Allocations: 479)
Completed 200 OK in 26ms (Views: 20.4ms | ActiveRecord: 0.0ms | Allocations: 2619)


Started GET "/favicon.ico" for 127.0.0.1 at 2020-10-06 08:59:51 -0700
  
ActionController::RoutingError (No route matches [GET] "/favicon.ico"):
  
actionpack (6.0.3.3) lib/action_dispatch/middleware/debug_exceptions.rb:36:in `call'
actionpack (6.0.3.3) lib/action_dispatch/middleware/show_exceptions.rb:33:in `call'
railties (6.0.3.3) lib/rails/rack/logger.rb:37:in `call_app'
railties (6.0.3.3) lib/rails/rack/logger.rb:26:in `block in call'
activesupport (6.0.3.3) lib/active_support/tagged_logging.rb:80:in `block in tagged'
activesupport (6.0.3.3) lib/active_support/tagged_logging.rb:28:in `tagged'
activesupport (6.0.3.3) lib/active_support/tagged_logging.rb:80:in `tagged'
railties (6.0.3.3) lib/rails/rack/logger.rb:26:in `call'
actionpack (6.0.3.3) lib/action_dispatch/middleware/remote_ip.rb:81:in `call'
actionpack (6.0.3.3) lib/action_dispatch/middleware/request_id.rb:27:in `call'
rack (2.2.3) lib/rack/runtime.rb:22:in `call'
activesupport (6.0.3.3) lib/active_support/cache/strategy/local_cache_middleware.rb:29:in `call'
actionpack (6.0.3.3) lib/action_dispatch/middleware/executor.rb:14:in `call'
actionpack (6.0.3.3) lib/action_dispatch/middleware/static.rb:126:in `call'
rack (2.2.3) lib/rack/sendfile.rb:110:in `call'
actionpack (6.0.3.3) lib/action_dispatch/middleware/host_authorization.rb:82:in `call'
railties (6.0.3.3) lib/rails/engine.rb:527:in `call'
puma (4.3.6) lib/puma/configuration.rb:228:in `call'
puma (4.3.6) lib/puma/server.rb:713:in `handle_request'
puma (4.3.6) lib/puma/server.rb:472:in `process_client'
puma (4.3.6) lib/puma/server.rb:328:in `block in run'
puma (4.3.6) lib/puma/thread_pool.rb:134:in `block in spawn_thread'
Started GET "/stacks" for 127.0.0.1 at 2020-10-06 08:59:59 -0700
Processing by StacksController#index as HTML
  [1m[36mStack Load (0.4ms)[0m  [1m[34mSELECT "stacks".* FROM "stacks"[0m
  ↳ app/controllers/stacks_controller.rb:4:in `index'
Completed 200 OK in 22ms (Views: 14.6ms | ActiveRecord: 2.1ms | Allocations: 5181)


Started GET "/stacks" for 127.0.0.1 at 2020-10-06 09:01:54 -0700
Processing by StacksController#index as */*
  [1m[36mStack Load (0.3ms)[0m  [1m[34mSELECT "stacks".* FROM "stacks"[0m
  ↳ app/controllers/stacks_controller.rb:4:in `index'
Completed 200 OK in 10ms (Views: 9.0ms | ActiveRecord: 0.3ms | Allocations: 910)


Started GET "/stacks" for 127.0.0.1 at 2020-10-06 09:02:36 -0700
Processing by StacksController#index as */*
  [1m[36mStack Load (0.9ms)[0m  [1m[34mSELECT "stacks".* FROM "stacks"[0m
  ↳ app/controllers/stacks_controller.rb:4:in `index'
Completed 200 OK in 6ms (Views: 4.7ms | ActiveRecord: 0.9ms | Allocations: 926)


Started GET "/stacks" for 127.0.0.1 at 2020-10-06 09:02:50 -0700
  [1m[35m (0.9ms)[0m  [1m[34mSELECT sqlite_version(*)[0m
  [1m[35m (0.2ms)[0m  [1m[34mSELECT "schema_migrations"."version" FROM "schema_migrations" ORDER BY "schema_migrations"."version" ASC[0m
Processing by StacksController#index as */*
  [1m[36mStack Load (0.5ms)[0m  [1m[34mSELECT "stacks".* FROM "stacks"[0m
  ↳ app/controllers/stacks_controller.rb:4:in `index'
Completed 200 OK in 13ms (Views: 7.8ms | ActiveRecord: 1.5ms | Allocations: 5104)


Started GET "/stacks" for 127.0.0.1 at 2020-10-06 09:28:48 -0700
  [1m[35m (1.9ms)[0m  [1m[34mSELECT sqlite_version(*)[0m
  [1m[35m (0.3ms)[0m  [1m[34mSELECT "schema_migrations"."version" FROM "schema_migrations" ORDER BY "schema_migrations"."version" ASC[0m
Processing by StacksController#index as */*
  [1m[36mStack Load (0.2ms)[0m  [1m[34mSELECT "stacks".* FROM "stacks"[0m
  ↳ app/controllers/stacks_controller.rb:4:in `index'
Completed 200 OK in 15ms (Views: 10.7ms | ActiveRecord: 1.3ms | Allocations: 5102)


Started GET "/stacks" for 127.0.0.1 at 2020-10-06 09:29:51 -0700
Processing by StacksController#index as */*
  [1m[36mStack Load (0.2ms)[0m  [1m[34mSELECT "stacks".* FROM "stacks"[0m
  ↳ app/controllers/stacks_controller.rb:4:in `index'
Completed 200 OK in 4ms (Views: 3.3ms | ActiveRecord: 0.2ms | Allocations: 927)


Started GET "/stacks" for 127.0.0.1 at 2020-10-06 09:31:59 -0700
Processing by StacksController#index as */*
  [1m[36mStack Load (0.2ms)[0m  [1m[34mSELECT "stacks".* FROM "stacks"[0m
  ↳ app/controllers/stacks_controller.rb:4:in `index'
Completed 200 OK in 4ms (Views: 3.4ms | ActiveRecord: 0.2ms | Allocations: 927)


Started GET "/stacks" for 127.0.0.1 at 2020-10-06 09:39:40 -0700
  [1m[35m (0.1ms)[0m  [1m[34mSELECT sqlite_version(*)[0m
Processing by StacksController#index as */*
  [1m[36mStack Load (0.3ms)[0m  [1m[34mSELECT "stacks".* FROM "stacks"[0m
  ↳ app/controllers/stacks_controller.rb:4:in `index'
Completed 200 OK in 7ms (Views: 6.0ms | ActiveRecord: 0.3ms | Allocations: 938)


Started GET "/stacks" for 127.0.0.1 at 2020-10-06 09:39:55 -0700
Processing by StacksController#index as */*
  [1m[36mStack Load (0.1ms)[0m  [1m[34mSELECT "stacks".* FROM "stacks"[0m
  ↳ app/controllers/stacks_controller.rb:4:in `index'
Completed 200 OK in 2ms (Views: 1.8ms | ActiveRecord: 0.1ms | Allocations: 910)


Started GET "/stacks" for 127.0.0.1 at 2020-10-06 09:40:41 -0700
Processing by StacksController#index as */*
  [1m[36mStack Load (0.3ms)[0m  [1m[34mSELECT "stacks".* FROM "stacks"[0m
  ↳ app/controllers/stacks_controller.rb:4:in `index'
Completed 200 OK in 4ms (Views: 3.1ms | ActiveRecord: 0.3ms | Allocations: 910)


Started GET "/stacks" for 127.0.0.1 at 2020-10-06 09:40:49 -0700
Processing by StacksController#index as */*
  [1m[36mStack Load (0.4ms)[0m  [1m[34mSELECT "stacks".* FROM "stacks"[0m
  ↳ app/controllers/stacks_controller.rb:4:in `index'
Completed 200 OK in 5ms (Views: 4.3ms | ActiveRecord: 0.4ms | Allocations: 910)


Started GET "/stacks" for 127.0.0.1 at 2020-10-06 09:41:05 -0700
Processing by StacksController#index as */*
  [1m[36mStack Load (0.2ms)[0m  [1m[34mSELECT "stacks".* FROM "stacks"[0m
  ↳ app/controllers/stacks_controller.rb:4:in `index'
Completed 200 OK in 2ms (Views: 1.8ms | ActiveRecord: 0.2ms | Allocations: 910)


  [1m[35m (0.6ms)[0m  [1m[34mSELECT sqlite_version(*)[0m
  [1m[35m (0.1ms)[0m  [1m[36mbegin transaction[0m
  [1m[36mStack Create (0.3ms)[0m  [1m[32mINSERT INTO "stacks" ("title", "created_at", "updated_at") VALUES (?, ?, ?)[0m  [["title", "Math"], ["created_at", "2020-10-06 16:41:37.921362"], ["updated_at", "2020-10-06 16:41:37.921362"]]
  [1m[35m (11.3ms)[0m  [1m[36mcommit transaction[0m
  [1m[35m (0.2ms)[0m  [1m[36mbegin transaction[0m
  [1m[36mStack Create (0.6ms)[0m  [1m[32mINSERT INTO "stacks" ("title", "created_at", "updated_at") VALUES (?, ?, ?)[0m  [["title", "JavaScript"], ["created_at", "2020-10-06 16:41:51.256004"], ["updated_at", "2020-10-06 16:41:51.256004"]]
  [1m[35m (11.6ms)[0m  [1m[36mcommit transaction[0m
Started GET "/stacks" for 127.0.0.1 at 2020-10-06 09:42:21 -0700
  [1m[35m (0.6ms)[0m  [1m[34mSELECT sqlite_version(*)[0m
  [1m[35m (0.2ms)[0m  [1m[34mSELECT "schema_migrations"."version" FROM "schema_migrations" ORDER BY "schema_migrations"."version" ASC[0m
Processing by StacksController#index as */*
  [1m[36mStack Load (0.6ms)[0m  [1m[34mSELECT "stacks".* FROM "stacks"[0m
  ↳ app/controllers/stacks_controller.rb:4:in `index'
Completed 200 OK in 15ms (Views: 9.3ms | ActiveRecord: 1.6ms | Allocations: 5346)


Started GET "/stacks" for 127.0.0.1 at 2020-10-06 09:43:47 -0700
Processing by StacksController#index as */*
  [1m[36mStack Load (0.3ms)[0m  [1m[34mSELECT "stacks".* FROM "stacks"[0m
  ↳ app/controllers/stacks_controller.rb:4:in `index'
Completed 200 OK in 6ms (Views: 5.1ms | ActiveRecord: 0.3ms | Allocations: 1169)


Started GET "/stacks" for 127.0.0.1 at 2020-10-06 09:44:14 -0700
Processing by StacksController#index as */*
  [1m[36mStack Load (0.3ms)[0m  [1m[34mSELECT "stacks".* FROM "stacks"[0m
  ↳ app/controllers/stacks_controller.rb:4:in `index'
Completed 200 OK in 5ms (Views: 3.8ms | ActiveRecord: 0.3ms | Allocations: 1169)


Started GET "/stacks" for 127.0.0.1 at 2020-10-06 09:45:42 -0700
Processing by StacksController#index as */*
  [1m[36mStack Load (0.2ms)[0m  [1m[34mSELECT "stacks".* FROM "stacks"[0m
  ↳ app/controllers/stacks_controller.rb:4:in `index'
Completed 200 OK in 6ms (Views: 4.9ms | ActiveRecord: 0.2ms | Allocations: 1152)


Started GET "/stacks" for 127.0.0.1 at 2020-10-06 09:46:45 -0700
Processing by StacksController#index as */*
  [1m[36mStack Load (0.3ms)[0m  [1m[34mSELECT "stacks".* FROM "stacks"[0m
  ↳ app/controllers/stacks_controller.rb:4:in `index'
Completed 200 OK in 6ms (Views: 5.4ms | ActiveRecord: 0.3ms | Allocations: 1169)


Started GET "/stacks" for 127.0.0.1 at 2020-10-06 09:47:06 -0700
Processing by StacksController#index as */*
  [1m[36mStack Load (0.3ms)[0m  [1m[34mSELECT "stacks".* FROM "stacks"[0m
  ↳ app/controllers/stacks_controller.rb:4:in `index'
Completed 200 OK in 5ms (Views: 4.3ms | ActiveRecord: 0.3ms | Allocations: 1169)


Started GET "/stacks" for 127.0.0.1 at 2020-10-06 09:47:25 -0700
Processing by StacksController#index as */*
  [1m[36mStack Load (0.4ms)[0m  [1m[34mSELECT "stacks".* FROM "stacks"[0m
  ↳ app/controllers/stacks_controller.rb:4:in `index'
Completed 200 OK in 4ms (Views: 3.5ms | ActiveRecord: 0.4ms | Allocations: 1152)


Started GET "/stacks" for 127.0.0.1 at 2020-10-06 09:47:37 -0700
Processing by StacksController#index as */*
  [1m[36mStack Load (0.2ms)[0m  [1m[34mSELECT "stacks".* FROM "stacks"[0m
  ↳ app/controllers/stacks_controller.rb:4:in `index'
Completed 200 OK in 5ms (Views: 4.3ms | ActiveRecord: 0.2ms | Allocations: 1152)


Started GET "/stacks" for 127.0.0.1 at 2020-10-06 09:47:45 -0700
Processing by StacksController#index as */*
  [1m[36mStack Load (0.2ms)[0m  [1m[34mSELECT "stacks".* FROM "stacks"[0m
  ↳ app/controllers/stacks_controller.rb:4:in `index'
Completed 200 OK in 5ms (Views: 4.4ms | ActiveRecord: 0.2ms | Allocations: 1152)


Started GET "/stacks" for 127.0.0.1 at 2020-10-06 09:48:22 -0700
Processing by StacksController#index as */*
  [1m[36mStack Load (0.2ms)[0m  [1m[34mSELECT "stacks".* FROM "stacks"[0m
  ↳ app/controllers/stacks_controller.rb:4:in `index'
Completed 200 OK in 6ms (Views: 5.7ms | ActiveRecord: 0.2ms | Allocations: 1152)


Started GET "/stacks" for 127.0.0.1 at 2020-10-06 09:48:54 -0700
Processing by StacksController#index as */*
  [1m[36mStack Load (0.2ms)[0m  [1m[34mSELECT "stacks".* FROM "stacks"[0m
  ↳ app/controllers/stacks_controller.rb:4:in `index'
Completed 200 OK in 3ms (Views: 2.8ms | ActiveRecord: 0.2ms | Allocations: 1152)


Started GET "/stacks" for 127.0.0.1 at 2020-10-06 09:49:07 -0700
Processing by StacksController#index as */*
  [1m[36mStack Load (0.9ms)[0m  [1m[34mSELECT "stacks".* FROM "stacks"[0m
  ↳ app/controllers/stacks_controller.rb:4:in `index'
Completed 200 OK in 6ms (Views: 4.1ms | ActiveRecord: 0.9ms | Allocations: 1152)


Started GET "/stacks" for 127.0.0.1 at 2020-10-06 09:49:08 -0700
Processing by StacksController#index as */*
  [1m[36mStack Load (0.3ms)[0m  [1m[34mSELECT "stacks".* FROM "stacks"[0m
  ↳ app/controllers/stacks_controller.rb:4:in `index'
Completed 200 OK in 5ms (Views: 4.3ms | ActiveRecord: 0.3ms | Allocations: 1152)


Started GET "/stacks" for 127.0.0.1 at 2020-10-06 09:49:45 -0700
Processing by StacksController#index as */*
  [1m[36mStack Load (0.6ms)[0m  [1m[34mSELECT "stacks".* FROM "stacks"[0m
  ↳ app/controllers/stacks_controller.rb:4:in `index'
Completed 200 OK in 8ms (Views: 7.1ms | ActiveRecord: 0.6ms | Allocations: 1152)


Started GET "/stacks" for 127.0.0.1 at 2020-10-06 09:50:00 -0700
Processing by StacksController#index as */*
  [1m[36mStack Load (0.3ms)[0m  [1m[34mSELECT "stacks".* FROM "stacks"[0m
  ↳ app/controllers/stacks_controller.rb:4:in `index'
Completed 200 OK in 7ms (Views: 6.5ms | ActiveRecord: 0.3ms | Allocations: 1152)


Started GET "/stacks" for 127.0.0.1 at 2020-10-06 09:50:15 -0700
Processing by StacksController#index as */*
  [1m[36mStack Load (0.3ms)[0m  [1m[34mSELECT "stacks".* FROM "stacks"[0m
  ↳ app/controllers/stacks_controller.rb:4:in `index'
Completed 200 OK in 5ms (Views: 4.2ms | ActiveRecord: 0.3ms | Allocations: 1152)


Started GET "/stacks" for 127.0.0.1 at 2020-10-06 09:50:32 -0700
Processing by StacksController#index as */*
  [1m[36mStack Load (0.2ms)[0m  [1m[34mSELECT "stacks".* FROM "stacks"[0m
  ↳ app/controllers/stacks_controller.rb:4:in `index'
Completed 200 OK in 3ms (Views: 2.5ms | ActiveRecord: 0.2ms | Allocations: 1152)


Started GET "/stacks" for 127.0.0.1 at 2020-10-06 09:50:56 -0700
Processing by StacksController#index as */*
  [1m[36mStack Load (0.2ms)[0m  [1m[34mSELECT "stacks".* FROM "stacks"[0m
  ↳ app/controllers/stacks_controller.rb:4:in `index'
Completed 200 OK in 4ms (Views: 3.3ms | ActiveRecord: 0.2ms | Allocations: 1152)


Started GET "/stacks" for 127.0.0.1 at 2020-10-06 09:51:07 -0700
Processing by StacksController#index as */*
  [1m[36mStack Load (0.3ms)[0m  [1m[34mSELECT "stacks".* FROM "stacks"[0m
  ↳ app/controllers/stacks_controller.rb:4:in `index'
Completed 200 OK in 5ms (Views: 4.1ms | ActiveRecord: 0.3ms | Allocations: 1152)


Started GET "/stacks" for 127.0.0.1 at 2020-10-06 09:51:58 -0700
Processing by StacksController#index as */*
  [1m[36mStack Load (0.5ms)[0m  [1m[34mSELECT "stacks".* FROM "stacks"[0m
  ↳ app/controllers/stacks_controller.rb:4:in `index'
Completed 200 OK in 7ms (Views: 5.5ms | ActiveRecord: 0.5ms | Allocations: 1152)


  [1m[35m (0.4ms)[0m  [1m[34mSELECT sqlite_version(*)[0m
  [1m[35m (0.1ms)[0m  [1m[36mbegin transaction[0m
  [1m[36mStack Create (0.4ms)[0m  [1m[32mINSERT INTO "stacks" ("title", "created_at", "updated_at") VALUES (?, ?, ?)[0m  [["title", "Adventure Time Trivia"], ["created_at", "2020-10-06 16:52:24.659397"], ["updated_at", "2020-10-06 16:52:24.659397"]]
  [1m[35m (10.5ms)[0m  [1m[36mcommit transaction[0m
Started GET "/stacks" for 127.0.0.1 at 2020-10-06 09:52:33 -0700
  [1m[35m (0.5ms)[0m  [1m[34mSELECT sqlite_version(*)[0m
  [1m[35m (0.2ms)[0m  [1m[34mSELECT "schema_migrations"."version" FROM "schema_migrations" ORDER BY "schema_migrations"."version" ASC[0m
Processing by StacksController#index as */*
  [1m[36mStack Load (0.3ms)[0m  [1m[34mSELECT "stacks".* FROM "stacks"[0m
  ↳ app/controllers/stacks_controller.rb:4:in `index'
Completed 200 OK in 15ms (Views: 9.1ms | ActiveRecord: 1.1ms | Allocations: 5468)


Started GET "/stacks" for 127.0.0.1 at 2020-10-06 09:53:46 -0700
Processing by StacksController#index as */*
  [1m[36mStack Load (0.3ms)[0m  [1m[34mSELECT "stacks".* FROM "stacks"[0m
  ↳ app/controllers/stacks_controller.rb:4:in `index'
Completed 200 OK in 6ms (Views: 5.2ms | ActiveRecord: 0.3ms | Allocations: 1291)


Started GET "/stacks" for 127.0.0.1 at 2020-10-06 09:54:40 -0700
Processing by StacksController#index as */*
  [1m[36mStack Load (0.3ms)[0m  [1m[34mSELECT "stacks".* FROM "stacks"[0m
  ↳ app/controllers/stacks_controller.rb:4:in `index'
Completed 200 OK in 4ms (Views: 3.6ms | ActiveRecord: 0.3ms | Allocations: 1291)


Started GET "/stacks" for 127.0.0.1 at 2020-10-06 09:54:54 -0700
Processing by StacksController#index as */*
  [1m[36mStack Load (0.5ms)[0m  [1m[34mSELECT "stacks".* FROM "stacks"[0m
  ↳ app/controllers/stacks_controller.rb:4:in `index'
Completed 200 OK in 6ms (Views: 5.2ms | ActiveRecord: 0.5ms | Allocations: 1274)


Started GET "/stacks" for 127.0.0.1 at 2020-10-06 09:56:45 -0700
Processing by StacksController#index as */*
  [1m[36mStack Load (0.2ms)[0m  [1m[34mSELECT "stacks".* FROM "stacks"[0m
  ↳ app/controllers/stacks_controller.rb:4:in `index'
Completed 200 OK in 6ms (Views: 5.6ms | ActiveRecord: 0.2ms | Allocations: 1274)


  [1m[35m (0.5ms)[0m  [1m[34mSELECT sqlite_version(*)[0m
  [1m[35m (0.1ms)[0m  [1m[36mbegin transaction[0m
  [1m[36mStack Create (0.4ms)[0m  [1m[32mINSERT INTO "stacks" ("title", "created_at", "updated_at") VALUES (?, ?, ?)[0m  [["title", "Ruby"], ["created_at", "2020-10-06 16:56:59.675723"], ["updated_at", "2020-10-06 16:56:59.675723"]]
  [1m[35m (10.1ms)[0m  [1m[36mcommit transaction[0m
Started GET "/stacks" for 127.0.0.1 at 2020-10-06 09:57:08 -0700
  [1m[35m (1.0ms)[0m  [1m[34mSELECT sqlite_version(*)[0m
  [1m[35m (0.2ms)[0m  [1m[34mSELECT "schema_migrations"."version" FROM "schema_migrations" ORDER BY "schema_migrations"."version" ASC[0m
Processing by StacksController#index as */*
  [1m[36mStack Load (0.5ms)[0m  [1m[34mSELECT "stacks".* FROM "stacks"[0m
  ↳ app/controllers/stacks_controller.rb:4:in `index'
Completed 200 OK in 24ms (Views: 16.8ms | ActiveRecord: 2.4ms | Allocations: 5589)


Started GET "/stacks" for 127.0.0.1 at 2020-10-06 09:57:09 -0700
Processing by StacksController#index as */*
  [1m[36mStack Load (0.6ms)[0m  [1m[34mSELECT "stacks".* FROM "stacks"[0m
  ↳ app/controllers/stacks_controller.rb:4:in `index'
Completed 200 OK in 8ms (Views: 6.7ms | ActiveRecord: 0.6ms | Allocations: 1412)


Started GET "/stacks" for 127.0.0.1 at 2020-10-06 09:59:39 -0700
Processing by StacksController#index as */*
  [1m[36mStack Load (0.3ms)[0m  [1m[34mSELECT "stacks".* FROM "stacks"[0m
  ↳ app/controllers/stacks_controller.rb:4:in `index'
Completed 200 OK in 5ms (Views: 4.5ms | ActiveRecord: 0.3ms | Allocations: 1412)


Started GET "/stacks" for 127.0.0.1 at 2020-10-06 10:02:19 -0700
Processing by StacksController#index as */*
  [1m[36mStack Load (0.3ms)[0m  [1m[34mSELECT "stacks".* FROM "stacks"[0m
  ↳ app/controllers/stacks_controller.rb:4:in `index'
Completed 200 OK in 7ms (Views: 6.7ms | ActiveRecord: 0.3ms | Allocations: 1395)


Started GET "/stacks" for 127.0.0.1 at 2020-10-06 10:02:34 -0700
Processing by StacksController#index as */*
  [1m[36mStack Load (0.3ms)[0m  [1m[34mSELECT "stacks".* FROM "stacks"[0m
  ↳ app/controllers/stacks_controller.rb:4:in `index'
Completed 200 OK in 10ms (Views: 9.4ms | ActiveRecord: 0.3ms | Allocations: 1395)


Started GET "/stacks" for 127.0.0.1 at 2020-10-06 10:06:15 -0700
Processing by StacksController#index as */*
  [1m[36mStack Load (0.1ms)[0m  [1m[34mSELECT "stacks".* FROM "stacks"[0m
  ↳ app/controllers/stacks_controller.rb:4:in `index'
Completed 200 OK in 2ms (Views: 2.1ms | ActiveRecord: 0.1ms | Allocations: 1395)


Started GET "/stacks" for 127.0.0.1 at 2020-10-06 10:07:04 -0700
Processing by StacksController#index as */*
  [1m[36mStack Load (0.2ms)[0m  [1m[34mSELECT "stacks".* FROM "stacks"[0m
  ↳ app/controllers/stacks_controller.rb:4:in `index'
Completed 200 OK in 5ms (Views: 4.1ms | ActiveRecord: 0.2ms | Allocations: 1395)


Started GET "/stacks" for 127.0.0.1 at 2020-10-06 10:07:13 -0700
Processing by StacksController#index as */*
  [1m[36mStack Load (0.2ms)[0m  [1m[34mSELECT "stacks".* FROM "stacks"[0m
  ↳ app/controllers/stacks_controller.rb:4:in `index'
Completed 200 OK in 4ms (Views: 3.4ms | ActiveRecord: 0.2ms | Allocations: 1395)


Started GET "/stacks" for 127.0.0.1 at 2020-10-06 10:07:34 -0700
Processing by StacksController#index as */*
  [1m[36mStack Load (0.2ms)[0m  [1m[34mSELECT "stacks".* FROM "stacks"[0m
  ↳ app/controllers/stacks_controller.rb:4:in `index'
Completed 200 OK in 3ms (Views: 2.7ms | ActiveRecord: 0.2ms | Allocations: 1395)


Started GET "/stacks" for 127.0.0.1 at 2020-10-06 10:07:40 -0700
Processing by StacksController#index as */*
  [1m[36mStack Load (0.2ms)[0m  [1m[34mSELECT "stacks".* FROM "stacks"[0m
  ↳ app/controllers/stacks_controller.rb:4:in `index'
Completed 200 OK in 7ms (Views: 6.1ms | ActiveRecord: 0.2ms | Allocations: 1412)


Started GET "/stacks" for 127.0.0.1 at 2020-10-06 12:24:09 -0700
  [1m[35m (0.2ms)[0m  [1m[34mSELECT sqlite_version(*)[0m
Processing by StacksController#index as */*
  [1m[36mStack Load (0.3ms)[0m  [1m[34mSELECT "stacks".* FROM "stacks"[0m
  ↳ app/controllers/stacks_controller.rb:4:in `index'
Completed 200 OK in 5ms (Views: 4.4ms | ActiveRecord: 0.3ms | Allocations: 1411)


Started GET "/stacks" for 127.0.0.1 at 2020-10-06 12:24:14 -0700
Processing by StacksController#index as */*
  [1m[36mStack Load (0.2ms)[0m  [1m[34mSELECT "stacks".* FROM "stacks"[0m
  ↳ app/controllers/stacks_controller.rb:4:in `index'
Completed 200 OK in 5ms (Views: 3.9ms | ActiveRecord: 0.2ms | Allocations: 1412)


Started GET "/stacks" for 127.0.0.1 at 2020-10-06 12:24:17 -0700
Processing by StacksController#index as */*
  [1m[36mStack Load (0.3ms)[0m  [1m[34mSELECT "stacks".* FROM "stacks"[0m
  ↳ app/controllers/stacks_controller.rb:4:in `index'
Completed 200 OK in 5ms (Views: 4.7ms | ActiveRecord: 0.3ms | Allocations: 1395)


Started GET "/stacks" for 127.0.0.1 at 2020-10-06 12:26:11 -0700
Processing by StacksController#index as */*
  [1m[36mStack Load (0.3ms)[0m  [1m[34mSELECT "stacks".* FROM "stacks"[0m
  ↳ app/controllers/stacks_controller.rb:4:in `index'
Completed 200 OK in 6ms (Views: 4.7ms | ActiveRecord: 0.3ms | Allocations: 1395)


Started GET "/stacks" for 127.0.0.1 at 2020-10-06 12:26:14 -0700
Processing by StacksController#index as */*
  [1m[36mStack Load (0.2ms)[0m  [1m[34mSELECT "stacks".* FROM "stacks"[0m
  ↳ app/controllers/stacks_controller.rb:4:in `index'
Completed 200 OK in 4ms (Views: 3.2ms | ActiveRecord: 0.2ms | Allocations: 1395)


Started GET "/stacks" for 127.0.0.1 at 2020-10-06 12:26:17 -0700
Processing by StacksController#index as */*
  [1m[36mStack Load (0.6ms)[0m  [1m[34mSELECT "stacks".* FROM "stacks"[0m
  ↳ app/controllers/stacks_controller.rb:4:in `index'
Completed 200 OK in 10ms (Views: 8.2ms | ActiveRecord: 0.6ms | Allocations: 1395)


Started GET "/stacks" for 127.0.0.1 at 2020-10-06 12:26:23 -0700
Processing by StacksController#index as */*
  [1m[36mStack Load (0.2ms)[0m  [1m[34mSELECT "stacks".* FROM "stacks"[0m
  ↳ app/controllers/stacks_controller.rb:4:in `index'
Completed 200 OK in 6ms (Views: 5.8ms | ActiveRecord: 0.2ms | Allocations: 1395)


Started GET "/stacks" for 127.0.0.1 at 2020-10-06 12:27:00 -0700
Processing by StacksController#index as */*
  [1m[36mStack Load (0.2ms)[0m  [1m[34mSELECT "stacks".* FROM "stacks"[0m
  ↳ app/controllers/stacks_controller.rb:4:in `index'
Completed 200 OK in 5ms (Views: 4.2ms | ActiveRecord: 0.2ms | Allocations: 1395)


Started GET "/stacks" for 127.0.0.1 at 2020-10-06 12:28:22 -0700
Processing by StacksController#index as */*
  [1m[36mStack Load (0.2ms)[0m  [1m[34mSELECT "stacks".* FROM "stacks"[0m
  ↳ app/controllers/stacks_controller.rb:4:in `index'
Completed 200 OK in 3ms (Views: 2.6ms | ActiveRecord: 0.2ms | Allocations: 1395)


Started GET "/stacks" for 127.0.0.1 at 2020-10-06 12:28:35 -0700
Processing by StacksController#index as */*
  [1m[36mStack Load (0.3ms)[0m  [1m[34mSELECT "stacks".* FROM "stacks"[0m
  ↳ app/controllers/stacks_controller.rb:4:in `index'
Completed 200 OK in 5ms (Views: 3.7ms | ActiveRecord: 0.3ms | Allocations: 1395)


Started GET "/stacks" for 127.0.0.1 at 2020-10-06 12:29:02 -0700
Processing by StacksController#index as */*
  [1m[36mStack Load (0.2ms)[0m  [1m[34mSELECT "stacks".* FROM "stacks"[0m
  ↳ app/controllers/stacks_controller.rb:4:in `index'
Completed 200 OK in 7ms (Views: 6.3ms | ActiveRecord: 0.2ms | Allocations: 1395)


Started GET "/stacks" for 127.0.0.1 at 2020-10-06 12:29:14 -0700
Processing by StacksController#index as */*
  [1m[36mStack Load (0.2ms)[0m  [1m[34mSELECT "stacks".* FROM "stacks"[0m
  ↳ app/controllers/stacks_controller.rb:4:in `index'
Completed 200 OK in 4ms (Views: 3.8ms | ActiveRecord: 0.2ms | Allocations: 1395)


Started GET "/stacks" for 127.0.0.1 at 2020-10-06 12:29:57 -0700
Processing by StacksController#index as */*
  [1m[36mStack Load (0.3ms)[0m  [1m[34mSELECT "stacks".* FROM "stacks"[0m
  ↳ app/controllers/stacks_controller.rb:4:in `index'
Completed 200 OK in 28ms (Views: 27.5ms | ActiveRecord: 0.3ms | Allocations: 1398)


Started GET "/stacks" for 127.0.0.1 at 2020-10-06 12:30:17 -0700
Processing by StacksController#index as */*
  [1m[36mStack Load (2.9ms)[0m  [1m[34mSELECT "stacks".* FROM "stacks"[0m
  ↳ app/controllers/stacks_controller.rb:4:in `index'
Completed 200 OK in 12ms (Views: 8.7ms | ActiveRecord: 2.9ms | Allocations: 1395)


Started GET "/stacks" for 127.0.0.1 at 2020-10-06 12:30:47 -0700
Processing by StacksController#index as */*
  [1m[36mStack Load (0.4ms)[0m  [1m[34mSELECT "stacks".* FROM "stacks"[0m
  ↳ app/controllers/stacks_controller.rb:4:in `index'
Completed 200 OK in 8ms (Views: 6.8ms | ActiveRecord: 0.4ms | Allocations: 1395)


Started GET "/stacks" for 127.0.0.1 at 2020-10-06 12:31:40 -0700
Processing by StacksController#index as */*
  [1m[36mStack Load (1.1ms)[0m  [1m[34mSELECT "stacks".* FROM "stacks"[0m
  ↳ app/controllers/stacks_controller.rb:4:in `index'
Completed 200 OK in 10ms (Views: 7.9ms | ActiveRecord: 1.1ms | Allocations: 1395)


Started GET "/stacks" for 127.0.0.1 at 2020-10-06 12:31:42 -0700
Processing by StacksController#index as */*
  [1m[36mStack Load (0.4ms)[0m  [1m[34mSELECT "stacks".* FROM "stacks"[0m
  ↳ app/controllers/stacks_controller.rb:4:in `index'
Completed 200 OK in 8ms (Views: 6.6ms | ActiveRecord: 0.4ms | Allocations: 1395)


Started GET "/stacks" for 127.0.0.1 at 2020-10-06 12:32:23 -0700
Processing by StacksController#index as */*
  [1m[36mStack Load (0.2ms)[0m  [1m[34mSELECT "stacks".* FROM "stacks"[0m
  ↳ app/controllers/stacks_controller.rb:4:in `index'
Completed 200 OK in 4ms (Views: 3.5ms | ActiveRecord: 0.2ms | Allocations: 1395)


Started GET "/stacks" for 127.0.0.1 at 2020-10-06 12:32:30 -0700
Processing by StacksController#index as */*
  [1m[36mStack Load (0.2ms)[0m  [1m[34mSELECT "stacks".* FROM "stacks"[0m
  ↳ app/controllers/stacks_controller.rb:4:in `index'
Completed 200 OK in 3ms (Views: 2.5ms | ActiveRecord: 0.2ms | Allocations: 1395)


Started GET "/stacks" for 127.0.0.1 at 2020-10-06 12:32:35 -0700
Processing by StacksController#index as */*
  [1m[36mStack Load (0.3ms)[0m  [1m[34mSELECT "stacks".* FROM "stacks"[0m
  ↳ app/controllers/stacks_controller.rb:4:in `index'
Completed 200 OK in 6ms (Views: 4.9ms | ActiveRecord: 0.3ms | Allocations: 1395)


Started GET "/stacks" for 127.0.0.1 at 2020-10-06 12:33:19 -0700
Processing by StacksController#index as */*
  [1m[36mStack Load (0.2ms)[0m  [1m[34mSELECT "stacks".* FROM "stacks"[0m
  ↳ app/controllers/stacks_controller.rb:4:in `index'
Completed 200 OK in 5ms (Views: 4.0ms | ActiveRecord: 0.2ms | Allocations: 1395)


Started GET "/stacks" for 127.0.0.1 at 2020-10-06 12:33:22 -0700
Processing by StacksController#index as */*
  [1m[36mStack Load (0.2ms)[0m  [1m[34mSELECT "stacks".* FROM "stacks"[0m
  ↳ app/controllers/stacks_controller.rb:4:in `index'
Completed 200 OK in 5ms (Views: 4.8ms | ActiveRecord: 0.2ms | Allocations: 1395)


Started GET "/stacks" for 127.0.0.1 at 2020-10-06 12:33:43 -0700
Processing by StacksController#index as */*
  [1m[36mStack Load (0.3ms)[0m  [1m[34mSELECT "stacks".* FROM "stacks"[0m
  ↳ app/controllers/stacks_controller.rb:4:in `index'
Completed 200 OK in 6ms (Views: 5.6ms | ActiveRecord: 0.3ms | Allocations: 1395)


Started GET "/stacks" for 127.0.0.1 at 2020-10-06 12:34:11 -0700
Processing by StacksController#index as */*
  [1m[36mStack Load (0.2ms)[0m  [1m[34mSELECT "stacks".* FROM "stacks"[0m
  ↳ app/controllers/stacks_controller.rb:4:in `index'
Completed 200 OK in 3ms (Views: 2.4ms | ActiveRecord: 0.2ms | Allocations: 1395)


Started GET "/stacks" for 127.0.0.1 at 2020-10-06 12:40:54 -0700
  [1m[35m (0.2ms)[0m  [1m[34mSELECT sqlite_version(*)[0m
Processing by StacksController#index as */*
  [1m[36mStack Load (0.6ms)[0m  [1m[34mSELECT "stacks".* FROM "stacks"[0m
  ↳ app/controllers/stacks_controller.rb:4:in `index'
Completed 200 OK in 7ms (Views: 6.2ms | ActiveRecord: 0.6ms | Allocations: 1411)


Started GET "/stacks" for 127.0.0.1 at 2020-10-06 12:41:33 -0700
Processing by StacksController#index as */*
  [1m[36mStack Load (0.5ms)[0m  [1m[34mSELECT "stacks".* FROM "stacks"[0m
  ↳ app/controllers/stacks_controller.rb:4:in `index'
Completed 200 OK in 9ms (Views: 8.3ms | ActiveRecord: 0.5ms | Allocations: 1395)


Started GET "/stacks" for 127.0.0.1 at 2020-10-06 12:43:05 -0700
Processing by StacksController#index as */*
  [1m[36mStack Load (0.3ms)[0m  [1m[34mSELECT "stacks".* FROM "stacks"[0m
  ↳ app/controllers/stacks_controller.rb:4:in `index'
Completed 200 OK in 5ms (Views: 4.2ms | ActiveRecord: 0.3ms | Allocations: 1395)


Started GET "/stacks" for 127.0.0.1 at 2020-10-06 12:43:09 -0700
Processing by StacksController#index as */*
  [1m[36mStack Load (0.2ms)[0m  [1m[34mSELECT "stacks".* FROM "stacks"[0m
  ↳ app/controllers/stacks_controller.rb:4:in `index'
Completed 200 OK in 3ms (Views: 2.9ms | ActiveRecord: 0.2ms | Allocations: 1395)


Started GET "/stacks" for 127.0.0.1 at 2020-10-06 12:45:25 -0700
Processing by StacksController#index as */*
  [1m[36mStack Load (0.3ms)[0m  [1m[34mSELECT "stacks".* FROM "stacks"[0m
  ↳ app/controllers/stacks_controller.rb:4:in `index'
Completed 200 OK in 5ms (Views: 4.6ms | ActiveRecord: 0.3ms | Allocations: 1395)


Started GET "/stacks" for 127.0.0.1 at 2020-10-06 12:45:39 -0700
Processing by StacksController#index as */*
  [1m[36mStack Load (0.2ms)[0m  [1m[34mSELECT "stacks".* FROM "stacks"[0m
  ↳ app/controllers/stacks_controller.rb:4:in `index'
Completed 200 OK in 4ms (Views: 3.1ms | ActiveRecord: 0.2ms | Allocations: 1395)


Started GET "/stacks" for 127.0.0.1 at 2020-10-06 12:46:02 -0700
Processing by StacksController#index as */*
  [1m[36mStack Load (0.4ms)[0m  [1m[34mSELECT "stacks".* FROM "stacks"[0m
  ↳ app/controllers/stacks_controller.rb:4:in `index'
Completed 200 OK in 7ms (Views: 6.2ms | ActiveRecord: 0.4ms | Allocations: 1395)


Started GET "/stacks" for 127.0.0.1 at 2020-10-06 12:46:10 -0700
Processing by StacksController#index as */*
  [1m[36mStack Load (0.2ms)[0m  [1m[34mSELECT "stacks".* FROM "stacks"[0m
  ↳ app/controllers/stacks_controller.rb:4:in `index'
Completed 200 OK in 5ms (Views: 4.5ms | ActiveRecord: 0.2ms | Allocations: 1395)


